<?xml version="1.0" encoding="UTF-8"?>
<robot generator="Robot 7.4.1 (Python 3.11.11 on win32)" generated="2026-01-21T17:28:18.649351" rpa="false" schemaversion="5">
<suite id="s1" name="Ts01-Search-Book &amp; Ts02-Delete-Book">
<suite id="s1-s1" name="Ts01-Search-Book" source="C:\automation\robot-framework-automation\ts01-search-book">
<suite id="s1-s1-s1" name="Search-Books" source="C:\automation\robot-framework-automation\ts01-search-book\search-books.robot">
<kw name="Open Browser To URL" owner="common_local" type="SETUP">
<kw name="Open Browser" owner="SeleniumLibrary">
<msg time="2026-01-21T17:28:18.914035" level="INFO">Opening browser 'chrome' to base url 'https://demoqa.com/books'.</msg>
<arg>${url}</arg>
<arg>${BROWSER}</arg>
<doc>Opens a new browser instance to the optional ``url``.</doc>
<status status="PASS" start="2026-01-21T17:28:18.914035" elapsed="20.346810"/>
</kw>
<kw name="Maximize Browser Window" owner="SeleniumLibrary">
<doc>Maximizes current browser window.</doc>
<status status="PASS" start="2026-01-21T17:28:39.260845" elapsed="0.033839"/>
</kw>
<arg>${BOOK_STORE_URL}</arg>
<status status="PASS" start="2026-01-21T17:28:18.913496" elapsed="20.381188"/>
</kw>
<test id="s1-s1-s1-t1" name="TC01 - Search books with keyword Design" line="15">
<kw name="Search Book And Verify">
<kw name="Log" owner="BuiltIn">
<msg time="2026-01-21T17:28:39.297633" level="INFO">Start test with keyword: Design</msg>
<arg>Start test with keyword: ${keyword}</arg>
<doc>Logs the given message with the given level.</doc>
<status status="PASS" start="2026-01-21T17:28:39.297079" elapsed="0.000554"/>
</kw>
<kw name="Search Book" owner="book_store">
<kw name="Wait Until Element Is Visible" owner="SeleniumLibrary">
<arg>${SEARCH_BOX}</arg>
<arg>10s</arg>
<doc>Waits until the element ``locator`` is visible.</doc>
<status status="PASS" start="2026-01-21T17:28:39.299339" elapsed="0.057544"/>
</kw>
<kw name="Input Text" owner="SeleniumLibrary">
<msg time="2026-01-21T17:28:39.357912" level="INFO">Typing text 'Design' into text field 'id:searchBox'.</msg>
<arg>${SEARCH_BOX}</arg>
<arg>${keyword}</arg>
<doc>Types the given ``text`` into the text field identified by ``locator``.</doc>
<status status="PASS" start="2026-01-21T17:28:39.356883" elapsed="0.200317"/>
</kw>
<kw name="Sleep" owner="BuiltIn">
<msg time="2026-01-21T17:28:40.558606" level="INFO">Slept 1 second.</msg>
<arg>1s</arg>
<doc>Pauses the test executed for the given time.</doc>
<status status="PASS" start="2026-01-21T17:28:39.558277" elapsed="1.000329"/>
</kw>
<arg>${keyword}</arg>
<status status="PASS" start="2026-01-21T17:28:39.298196" elapsed="1.260410"/>
</kw>
<kw name="Get Book Count" owner="book_store">
<kw name="Get Element Count" owner="SeleniumLibrary">
<msg time="2026-01-21T17:28:40.571208" level="INFO">${count} = 2</msg>
<var>${count}</var>
<arg>css:.rt-tbody .rt-tr-group a</arg>
<doc>Returns the number of elements matching ``locator``.</doc>
<status status="PASS" start="2026-01-21T17:28:40.559148" elapsed="0.012060"/>
</kw>
<return>
<value>${count}</value>
<status status="PASS" start="2026-01-21T17:28:40.571208" elapsed="0.001143"/>
</return>
<msg time="2026-01-21T17:28:40.572351" level="INFO">${count} = 2</msg>
<var>${count}</var>
<status status="PASS" start="2026-01-21T17:28:40.559148" elapsed="0.013203"/>
</kw>
<kw name="Should Be True" owner="BuiltIn">
<arg>${count} &gt; 0</arg>
<doc>Fails if the given condition is not true.</doc>
<status status="PASS" start="2026-01-21T17:28:40.572351" elapsed="0.000995"/>
</kw>
<for flavor="IN RANGE">
<iter>
<kw name="Get Book Title By Index" owner="book_store">
<kw name="Get Text" owner="SeleniumLibrary">
<msg time="2026-01-21T17:28:40.602920" level="INFO">${title} = Learning JavaScript Design Patterns</msg>
<var>${title}</var>
<arg>xpath=(//div[@class="rt-tbody"]//a)[${index}+1]</arg>
<doc>Returns the text value of the element identified by ``locator``.</doc>
<status status="PASS" start="2026-01-21T17:28:40.575835" elapsed="0.027085"/>
</kw>
<return>
<value>${title}</value>
<status status="PASS" start="2026-01-21T17:28:40.602920" elapsed="0.000000"/>
</return>
<msg time="2026-01-21T17:28:40.604271" level="INFO">${title} = Learning JavaScript Design Patterns</msg>
<var>${title}</var>
<arg>${i}</arg>
<status status="PASS" start="2026-01-21T17:28:40.574528" elapsed="0.029743"/>
</kw>
<kw name="Log" owner="BuiltIn">
<msg time="2026-01-21T17:28:40.604271" level="INFO">Book 1: Learning JavaScript Design Patterns</msg>
<arg>Book ${i + 1}: ${title}</arg>
<doc>Logs the given message with the given level.</doc>
<status status="PASS" start="2026-01-21T17:28:40.604271" elapsed="0.000000"/>
</kw>
<kw name="Should Contain" owner="BuiltIn">
<arg>${title.lower()}</arg>
<arg>${SEARCH_EXPECT_TEXT}</arg>
<doc>Fails if ``container`` does not contain ``item`` one or more times.</doc>
<status status="PASS" start="2026-01-21T17:28:40.604271" elapsed="0.002443"/>
</kw>
<var name="${i}">0</var>
<status status="PASS" start="2026-01-21T17:28:40.574528" elapsed="0.032186"/>
</iter>
<iter>
<kw name="Get Book Title By Index" owner="book_store">
<kw name="Get Text" owner="SeleniumLibrary">
<msg time="2026-01-21T17:28:40.637781" level="INFO">${title} = Designing Evolvable Web APIs with ASP.NET</msg>
<var>${title}</var>
<arg>xpath=(//div[@class="rt-tbody"]//a)[${index}+1]</arg>
<doc>Returns the text value of the element identified by ``locator``.</doc>
<status status="PASS" start="2026-01-21T17:28:40.609113" elapsed="0.028668"/>
</kw>
<return>
<value>${title}</value>
<status status="PASS" start="2026-01-21T17:28:40.637781" elapsed="0.000000"/>
</return>
<msg time="2026-01-21T17:28:40.638468" level="INFO">${title} = Designing Evolvable Web APIs with ASP.NET</msg>
<var>${title}</var>
<arg>${i}</arg>
<status status="PASS" start="2026-01-21T17:28:40.608004" elapsed="0.030464"/>
</kw>
<kw name="Log" owner="BuiltIn">
<msg time="2026-01-21T17:28:40.640488" level="INFO">Book 2: Designing Evolvable Web APIs with ASP.NET</msg>
<arg>Book ${i + 1}: ${title}</arg>
<doc>Logs the given message with the given level.</doc>
<status status="PASS" start="2026-01-21T17:28:40.638468" elapsed="0.002020"/>
</kw>
<kw name="Should Contain" owner="BuiltIn">
<arg>${title.lower()}</arg>
<arg>${SEARCH_EXPECT_TEXT}</arg>
<doc>Fails if ``container`` does not contain ``item`` one or more times.</doc>
<status status="PASS" start="2026-01-21T17:28:40.641561" elapsed="0.000997"/>
</kw>
<var name="${i}">1</var>
<status status="PASS" start="2026-01-21T17:28:40.608004" elapsed="0.035623"/>
</iter>
<var>${i}</var>
<value>${count}</value>
<status status="PASS" start="2026-01-21T17:28:40.573346" elapsed="0.070281"/>
</for>
<arg>Design</arg>
<status status="PASS" start="2026-01-21T17:28:39.296563" elapsed="1.347064"/>
</kw>
<status status="PASS" start="2026-01-21T17:28:39.295747" elapsed="1.347880"/>
</test>
<test id="s1-s1-s1-t2" name="TC02 - Search books with keyword design" line="18">
<kw name="Search Book And Verify">
<kw name="Log" owner="BuiltIn">
<msg time="2026-01-21T17:28:40.647976" level="INFO">Start test with keyword: design</msg>
<arg>Start test with keyword: ${keyword}</arg>
<doc>Logs the given message with the given level.</doc>
<status status="PASS" start="2026-01-21T17:28:40.647231" elapsed="0.000745"/>
</kw>
<kw name="Search Book" owner="book_store">
<kw name="Wait Until Element Is Visible" owner="SeleniumLibrary">
<arg>${SEARCH_BOX}</arg>
<arg>10s</arg>
<doc>Waits until the element ``locator`` is visible.</doc>
<status status="PASS" start="2026-01-21T17:28:40.649345" elapsed="0.023783"/>
</kw>
<kw name="Input Text" owner="SeleniumLibrary">
<msg time="2026-01-21T17:28:40.674144" level="INFO">Typing text 'design' into text field 'id:searchBox'.</msg>
<arg>${SEARCH_BOX}</arg>
<arg>${keyword}</arg>
<doc>Types the given ``text`` into the text field identified by ``locator``.</doc>
<status status="PASS" start="2026-01-21T17:28:40.674144" elapsed="0.164114"/>
</kw>
<kw name="Sleep" owner="BuiltIn">
<msg time="2026-01-21T17:28:41.839814" level="INFO">Slept 1 second.</msg>
<arg>1s</arg>
<doc>Pauses the test executed for the given time.</doc>
<status status="PASS" start="2026-01-21T17:28:40.838258" elapsed="1.001556"/>
</kw>
<arg>${keyword}</arg>
<status status="PASS" start="2026-01-21T17:28:40.648725" elapsed="1.191089"/>
</kw>
<kw name="Get Book Count" owner="book_store">
<kw name="Get Element Count" owner="SeleniumLibrary">
<msg time="2026-01-21T17:28:41.869860" level="INFO">${count} = 2</msg>
<var>${count}</var>
<arg>css:.rt-tbody .rt-tr-group a</arg>
<doc>Returns the number of elements matching ``locator``.</doc>
<status status="PASS" start="2026-01-21T17:28:41.841261" elapsed="0.028599"/>
</kw>
<return>
<value>${count}</value>
<status status="PASS" start="2026-01-21T17:28:41.869860" elapsed="0.000000"/>
</return>
<msg time="2026-01-21T17:28:41.869860" level="INFO">${count} = 2</msg>
<var>${count}</var>
<status status="PASS" start="2026-01-21T17:28:41.840848" elapsed="0.029012"/>
</kw>
<kw name="Should Be True" owner="BuiltIn">
<arg>${count} &gt; 0</arg>
<doc>Fails if the given condition is not true.</doc>
<status status="PASS" start="2026-01-21T17:28:41.869860" elapsed="0.001018"/>
</kw>
<for flavor="IN RANGE">
<iter>
<kw name="Get Book Title By Index" owner="book_store">
<kw name="Get Text" owner="SeleniumLibrary">
<msg time="2026-01-21T17:28:41.895643" level="INFO">${title} = Learning JavaScript Design Patterns</msg>
<var>${title}</var>
<arg>xpath=(//div[@class="rt-tbody"]//a)[${index}+1]</arg>
<doc>Returns the text value of the element identified by ``locator``.</doc>
<status status="PASS" start="2026-01-21T17:28:41.871991" elapsed="0.023652"/>
</kw>
<return>
<value>${title}</value>
<status status="PASS" start="2026-01-21T17:28:41.895643" elapsed="0.000000"/>
</return>
<msg time="2026-01-21T17:28:41.895643" level="INFO">${title} = Learning JavaScript Design Patterns</msg>
<var>${title}</var>
<arg>${i}</arg>
<status status="PASS" start="2026-01-21T17:28:41.871991" elapsed="0.023652"/>
</kw>
<kw name="Log" owner="BuiltIn">
<msg time="2026-01-21T17:28:41.897871" level="INFO">Book 1: Learning JavaScript Design Patterns</msg>
<arg>Book ${i + 1}: ${title}</arg>
<doc>Logs the given message with the given level.</doc>
<status status="PASS" start="2026-01-21T17:28:41.895643" elapsed="0.002228"/>
</kw>
<kw name="Should Contain" owner="BuiltIn">
<arg>${title.lower()}</arg>
<arg>${SEARCH_EXPECT_TEXT}</arg>
<doc>Fails if ``container`` does not contain ``item`` one or more times.</doc>
<status status="PASS" start="2026-01-21T17:28:41.898872" elapsed="0.001339"/>
</kw>
<var name="${i}">0</var>
<status status="PASS" start="2026-01-21T17:28:41.870878" elapsed="0.029333"/>
</iter>
<iter>
<kw name="Get Book Title By Index" owner="book_store">
<kw name="Get Text" owner="SeleniumLibrary">
<msg time="2026-01-21T17:28:41.925033" level="INFO">${title} = Designing Evolvable Web APIs with ASP.NET</msg>
<var>${title}</var>
<arg>xpath=(//div[@class="rt-tbody"]//a)[${index}+1]</arg>
<doc>Returns the text value of the element identified by ``locator``.</doc>
<status status="PASS" start="2026-01-21T17:28:41.902211" elapsed="0.022822"/>
</kw>
<return>
<value>${title}</value>
<status status="PASS" start="2026-01-21T17:28:41.925033" elapsed="0.000000"/>
</return>
<msg time="2026-01-21T17:28:41.925033" level="INFO">${title} = Designing Evolvable Web APIs with ASP.NET</msg>
<var>${title}</var>
<arg>${i}</arg>
<status status="PASS" start="2026-01-21T17:28:41.901210" elapsed="0.023823"/>
</kw>
<kw name="Log" owner="BuiltIn">
<msg time="2026-01-21T17:28:41.926963" level="INFO">Book 2: Designing Evolvable Web APIs with ASP.NET</msg>
<arg>Book ${i + 1}: ${title}</arg>
<doc>Logs the given message with the given level.</doc>
<status status="PASS" start="2026-01-21T17:28:41.925926" elapsed="0.001037"/>
</kw>
<kw name="Should Contain" owner="BuiltIn">
<arg>${title.lower()}</arg>
<arg>${SEARCH_EXPECT_TEXT}</arg>
<doc>Fails if ``container`` does not contain ``item`` one or more times.</doc>
<status status="PASS" start="2026-01-21T17:28:41.926963" elapsed="0.000543"/>
</kw>
<var name="${i}">1</var>
<status status="PASS" start="2026-01-21T17:28:41.901210" elapsed="0.026296"/>
</iter>
<var>${i}</var>
<value>${count}</value>
<status status="PASS" start="2026-01-21T17:28:41.870878" elapsed="0.057637"/>
</for>
<arg>design</arg>
<status status="PASS" start="2026-01-21T17:28:40.646540" elapsed="1.281975"/>
</kw>
<status status="PASS" start="2026-01-21T17:28:40.644551" elapsed="1.283964"/>
</test>
<kw name="Close Browser Session" owner="common_local" type="TEARDOWN">
<kw name="Close Browser" owner="SeleniumLibrary">
<doc>Closes the current browser.</doc>
<status status="PASS" start="2026-01-21T17:28:41.929704" elapsed="2.437722"/>
</kw>
<status status="PASS" start="2026-01-21T17:28:41.929178" elapsed="2.438248"/>
</kw>
<status status="PASS" start="2026-01-21T17:28:18.685326" elapsed="25.682959"/>
</suite>
<status status="PASS" start="2026-01-21T17:28:18.682810" elapsed="25.685475"/>
</suite>
<suite id="s1-s2" name="Ts02-Delete-Book" source="C:\automation\robot-framework-automation\ts02-delete-book">
<suite id="s1-s2-s1" name="Delete-Book" source="C:\automation\robot-framework-automation\ts02-delete-book\delete-book.robot">
<kw name="Prepare Test Data" type="SETUP">
<kw name="Add Book Via API" owner="api">
<kw name="Evaluate" owner="BuiltIn">
<arg>warnings.filterwarnings('ignore', message='Unverified HTTPS request')</arg>
<arg>modules=warnings</arg>
<doc>Evaluates the given expression in Python and returns the result.</doc>
<status status="PASS" start="2026-01-21T17:28:44.424189" elapsed="0.000000"/>
</kw>
<kw name="Delete All Sessions" owner="RequestsLibrary">
<msg time="2026-01-21T17:28:44.424189" level="INFO">Deleting All Sessions</msg>
<doc>Removes all the session objects</doc>
<status status="PASS" start="2026-01-21T17:28:44.424189" elapsed="0.000000"/>
</kw>
<kw name="Create Session" owner="RequestsLibrary">
<msg time="2026-01-21T17:28:44.424189" level="INFO">Creating Session using : alias=demoqa, url=https://demoqa.com, headers={},                     cookies={}, auth=None, timeout=None, proxies=None, verify=False,                     debug=0 </msg>
<arg>demoqa</arg>
<arg>${BASE_URL}</arg>
<arg>verify=False</arg>
<doc>Create Session: create a HTTP session to a server</doc>
<status status="PASS" start="2026-01-21T17:28:44.424189" elapsed="0.000000"/>
</kw>
<kw name="Create Dictionary" owner="BuiltIn">
<msg time="2026-01-21T17:28:44.425892" level="INFO">${auth} = {'userName': 'phuong.playwright001', 'password': 'PhuongNguyen@12345'}</msg>
<var>${auth}</var>
<arg>userName=${USERNAME}</arg>
<arg>password=${PASSWORD}</arg>
<doc>Creates and returns a dictionary based on the given ``items``.</doc>
<status status="PASS" start="2026-01-21T17:28:44.424189" elapsed="0.001703"/>
</kw>
<kw name="Wait Until Keyword Succeeds" owner="BuiltIn">
<kw name="Generate Token Once" owner="api">
<kw name="POST On Session" owner="RequestsLibrary">
<msg time="2026-01-21T17:28:46.344794" level="INFO">POST Request : url=https://demoqa.com/Account/v1/GenerateToken 
 path_url=/Account/v1/GenerateToken 
 headers={'User-Agent': 'python-requests/2.32.5', 'Accept-Encoding': 'gzip, deflate', 'Accept': '*/*', 'Connection': 'keep-alive', 'Content-Length': '70', 'Content-Type': 'application/json'} 
 body=b'{"userName": "phuong.playwright001", "password": "PhuongNguyen@12345"}' 
 </msg>
<msg time="2026-01-21T17:28:46.344794" level="INFO">POST Response : url=https://demoqa.com/Account/v1/GenerateToken 
 status=200, reason=OK 
 headers={'Server': 'nginx/1.17.10 (Ubuntu)', 'Date': 'Wed, 21 Jan 2026 10:28:45 GMT', 'Content-Type': 'application/json; charset=utf-8', 'Content-Length': '302', 'Connection': 'keep-alive', 'X-Powered-By': 'Express', 'ETag': 'W/"12e-QCuZXlOGWqdk2poz1W9PP0ZRHms"'} 
 body={"token":"eyJhbGciOiJIUzI1NiIsInR5cCI6IkpXVCJ9.eyJ1c2VyTmFtZSI6InBodW9uZy5wbGF5d3JpZ2h0MDAxIiwicGFzc3dvcmQiOiJQaHVvbmdOZ3V5ZW5AMTIzNDUiLCJpYXQiOjE3Njg5OTEzMjV9.T_euDT4Pwue2itemLXMw9Qj5CVwiwgNm3qg45o9ldkY","expires":"2026-01-28T10:28:45.007Z","status":"Success","result":"User authorized successfully."} 
 </msg>
<msg time="2026-01-21T17:28:46.344794" level="INFO">${auth_resp} = &lt;Response [200]&gt;</msg>
<var>${auth_resp}</var>
<arg>demoqa</arg>
<arg>/Account/v1/GenerateToken</arg>
<arg>json=${auth}</arg>
<doc>Sends a POST request on a previously created HTTP Session.</doc>
<status status="PASS" start="2026-01-21T17:28:44.425892" elapsed="1.918902"/>
</kw>
<kw name="Should Be Equal As Integers" owner="BuiltIn">
<msg time="2026-01-21T17:28:46.347983" level="INFO">Argument types are:
&lt;class 'int'&gt;
&lt;class 'str'&gt;</msg>
<arg>${auth_resp.status_code}</arg>
<arg>200</arg>
<doc>Fails if objects are unequal after converting them to integers.</doc>
<status status="PASS" start="2026-01-21T17:28:46.346969" elapsed="0.001014"/>
</kw>
<kw name="Set Suite Variable" owner="BuiltIn">
<msg time="2026-01-21T17:28:46.350025" level="INFO">${TOKEN} = eyJhbGciOiJIUzI1NiIsInR5cCI6IkpXVCJ9.eyJ1c2VyTmFtZSI6InBodW9uZy5wbGF5d3JpZ2h0MDAxIiwicGFzc3dvcmQiOiJQaHVvbmdOZ3V5ZW5AMTIzNDUiLCJpYXQiOjE3Njg5OTEzMjV9.T_euDT4Pwue2itemLXMw9Qj5CVwiwgNm3qg45o9ldkY</msg>
<arg>${TOKEN}</arg>
<arg>${auth_resp.json()['token']}</arg>
<doc>Makes a variable available everywhere within the scope of the current suite.</doc>
<status status="PASS" start="2026-01-21T17:28:46.347983" elapsed="0.002042"/>
</kw>
<arg>${auth}</arg>
<status status="PASS" start="2026-01-21T17:28:44.425892" elapsed="1.924133"/>
</kw>
<arg>5x</arg>
<arg>10s</arg>
<arg>Generate Token Once</arg>
<arg>${auth}</arg>
<doc>Runs the specified keyword and retries if it fails.</doc>
<status status="PASS" start="2026-01-21T17:28:44.425892" elapsed="1.924133"/>
</kw>
<kw name="Create Dictionary" owner="BuiltIn">
<msg time="2026-01-21T17:28:46.350025" level="INFO">${headers} = {'Authorization': 'Bearer eyJhbGciOiJIUzI1NiIsInR5cCI6IkpXVCJ9.eyJ1c2VyTmFtZSI6InBodW9uZy5wbGF5d3JpZ2h0MDAxIiwicGFzc3dvcmQiOiJQaHVvbmdOZ3V5ZW5AMTIzNDUiLCJpYXQiOjE3Njg5OTEzMjV9.T_euDT4Pwue2itemLXMw9Qj5...</msg>
<var>${headers}</var>
<arg>Authorization=Bearer ${TOKEN}</arg>
<arg>Content-Type=application/json</arg>
<doc>Creates and returns a dictionary based on the given ``items``.</doc>
<status status="PASS" start="2026-01-21T17:28:46.350025" elapsed="0.000000"/>
</kw>
<kw name="Create Dictionary" owner="BuiltIn">
<msg time="2026-01-21T17:28:46.350025" level="INFO">${isbn} = {'isbn': '9781449331818'}</msg>
<var>${isbn}</var>
<arg>isbn=${BOOK_ISBN}</arg>
<doc>Creates and returns a dictionary based on the given ``items``.</doc>
<status status="PASS" start="2026-01-21T17:28:46.350025" elapsed="0.000000"/>
</kw>
<kw name="Create List" owner="BuiltIn">
<msg time="2026-01-21T17:28:46.350025" level="INFO">${isbn_list} = [{'isbn': '9781449331818'}]</msg>
<var>${isbn_list}</var>
<arg>${isbn}</arg>
<doc>Returns a list containing given items.</doc>
<status status="PASS" start="2026-01-21T17:28:46.350025" elapsed="0.000000"/>
</kw>
<kw name="Create Dictionary" owner="BuiltIn">
<msg time="2026-01-21T17:28:46.352033" level="INFO">${body} = {'userId': 'f2971715-cab9-4084-8e33-2ea3eda2866d', 'collectionOfIsbns': [{'isbn': '9781449331818'}]}</msg>
<var>${body}</var>
<arg>userId=${USER_ID}</arg>
<arg>collectionOfIsbns=${isbn_list}</arg>
<doc>Creates and returns a dictionary based on the given ``items``.</doc>
<status status="PASS" start="2026-01-21T17:28:46.352033" elapsed="0.000000"/>
</kw>
<kw name="Wait Until Keyword Succeeds" owner="BuiltIn">
<kw name="Post Book Request" owner="api">
<kw name="POST On Session" owner="RequestsLibrary">
<msg time="2026-01-21T17:28:46.759275" level="INFO">POST Request : url=https://demoqa.com/BookStore/v1/Books 
 path_url=/BookStore/v1/Books 
 headers={'User-Agent': 'python-requests/2.32.5', 'Accept-Encoding': 'gzip, deflate', 'Accept': '*/*', 'Connection': 'keep-alive', 'Authorization': 'Bearer eyJhbGciOiJIUzI1NiIsInR5cCI6IkpXVCJ9.eyJ1c2VyTmFtZSI6InBodW9uZy5wbGF5d3JpZ2h0MDAxIiwicGFzc3dvcmQiOiJQaHVvbmdOZ3V5ZW5AMTIzNDUiLCJpYXQiOjE3Njg5OTEzMjV9.T_euDT4Pwue2itemLXMw9Qj5CVwiwgNm3qg45o9ldkY', 'Content-Type': 'application/json', 'Content-Length': '100'} 
 body=b'{"userId": "f2971715-cab9-4084-8e33-2ea3eda2866d", "collectionOfIsbns": [{"isbn": "9781449331818"}]}' 
 </msg>
<msg time="2026-01-21T17:28:46.759275" level="INFO">POST Response : url=https://demoqa.com/BookStore/v1/Books 
 status=201, reason=Created 
 headers={'Server': 'nginx/1.17.10 (Ubuntu)', 'Date': 'Wed, 21 Jan 2026 10:28:46 GMT', 'Content-Type': 'application/json; charset=utf-8', 'Content-Length': '36', 'Connection': 'keep-alive', 'X-Powered-By': 'Express', 'ETag': 'W/"24-FbIaM8H88wOkWWLNix2cmOmkWT8"'} 
 body={"books":[{"isbn":"9781449331818"}]} 
 </msg>
<msg time="2026-01-21T17:28:46.759275" level="INFO">${resp} = &lt;Response [201]&gt;</msg>
<var>${resp}</var>
<arg>demoqa</arg>
<arg>/BookStore/v1/Books</arg>
<arg>json=${body}</arg>
<arg>headers=${headers}</arg>
<arg>expected_status=any</arg>
<doc>Sends a POST request on a previously created HTTP Session.</doc>
<status status="PASS" start="2026-01-21T17:28:46.352033" elapsed="0.407242"/>
</kw>
<kw name="Run Keyword If" owner="BuiltIn">
<kw name="Log" owner="BuiltIn">
<msg time="2026-01-21T17:28:46.764446" level="INFO">Book added successfully</msg>
<arg>Book added successfully</arg>
<doc>Logs the given message with the given level.</doc>
<status status="PASS" start="2026-01-21T17:28:46.764446" elapsed="0.000000"/>
</kw>
<arg>${resp.status_code} == 400 and "${ALREADY_PRESENT_MSG}" in """${resp.text}"""</arg>
<arg>Log</arg>
<arg>Book already exists, skipping add</arg>
<arg>ELSE IF</arg>
<arg>${resp.status_code} == 201</arg>
<arg>Log</arg>
<arg>Book added successfully</arg>
<arg>ELSE</arg>
<arg>Fail</arg>
<arg>Add book failed: ${resp.status_code} ${resp.text}</arg>
<doc>Runs the given keyword with the given arguments, if ``condition`` is true.</doc>
<status status="PASS" start="2026-01-21T17:28:46.759275" elapsed="0.005171"/>
</kw>
<arg>${body}</arg>
<arg>${headers}</arg>
<status status="PASS" start="2026-01-21T17:28:46.352033" elapsed="0.412413"/>
</kw>
<arg>5x</arg>
<arg>10s</arg>
<arg>Post Book Request</arg>
<arg>${body}</arg>
<arg>${headers}</arg>
<doc>Runs the specified keyword and retries if it fails.</doc>
<status status="PASS" start="2026-01-21T17:28:46.352033" elapsed="0.412413"/>
</kw>
<status status="PASS" start="2026-01-21T17:28:44.424189" elapsed="2.340257"/>
</kw>
<kw name="Open Browser To URL" owner="common_local">
<kw name="Open Browser" owner="SeleniumLibrary">
<msg time="2026-01-21T17:28:46.766458" level="INFO">Opening browser 'chrome' to base url 'https://demoqa.com/books'.</msg>
<arg>${url}</arg>
<arg>${BROWSER}</arg>
<doc>Opens a new browser instance to the optional ``url``.</doc>
<status status="PASS" start="2026-01-21T17:28:46.764446" elapsed="12.557325"/>
</kw>
<kw name="Maximize Browser Window" owner="SeleniumLibrary">
<doc>Maximizes current browser window.</doc>
<status status="PASS" start="2026-01-21T17:28:59.322769" elapsed="0.042387"/>
</kw>
<arg>${BOOK_STORE_URL}</arg>
<status status="PASS" start="2026-01-21T17:28:46.764446" elapsed="12.600710"/>
</kw>
<status status="PASS" start="2026-01-21T17:28:44.420133" elapsed="14.945023"/>
</kw>
<test id="s1-s2-s1-t1" name="TC02 - Delete book successfully" line="17">
<kw name="Open Login Page" owner="login">
<kw name="Go To" owner="SeleniumLibrary">
<msg time="2026-01-21T17:28:59.367781" level="INFO">Opening url 'https://demoqa.com/login'</msg>
<arg>${LOGIN_URL}</arg>
<doc>Navigates the current browser window to the provided ``url``.</doc>
<status status="PASS" start="2026-01-21T17:28:59.367781" elapsed="0.991766"/>
</kw>
<kw name="Wait Until Element Is Visible" owner="SeleniumLibrary">
<arg>${USERNAME_TXT}</arg>
<arg>15s</arg>
<doc>Waits until the element ``locator`` is visible.</doc>
<status status="PASS" start="2026-01-21T17:29:00.359547" elapsed="0.028764"/>
</kw>
<status status="PASS" start="2026-01-21T17:28:59.367163" elapsed="1.021148"/>
</kw>
<kw name="Login" owner="login">
<kw name="Input Text" owner="SeleniumLibrary">
<msg time="2026-01-21T17:29:00.389310" level="INFO">Typing text 'phuong.playwright001' into text field 'id:userName'.</msg>
<arg>${USERNAME_TXT}</arg>
<arg>${username}</arg>
<doc>Types the given ``text`` into the text field identified by ``locator``.</doc>
<status status="PASS" start="2026-01-21T17:29:00.389310" elapsed="0.253597"/>
</kw>
<kw name="Input Text" owner="SeleniumLibrary">
<msg time="2026-01-21T17:29:00.643905" level="INFO">Typing text 'PhuongNguyen@12345' into text field 'id:password'.</msg>
<arg>${PASSWORD_TXT}</arg>
<arg>${password}</arg>
<doc>Types the given ``text`` into the text field identified by ``locator``.</doc>
<status status="PASS" start="2026-01-21T17:29:00.642907" elapsed="0.112499"/>
</kw>
<kw name="Scroll Element Into View" owner="SeleniumLibrary">
<arg>${LOGIN_BTN}</arg>
<doc>Scrolls the element identified by ``locator`` into view.</doc>
<status status="PASS" start="2026-01-21T17:29:00.755406" elapsed="0.291161"/>
</kw>
<kw name="Sleep" owner="BuiltIn">
<msg time="2026-01-21T17:29:02.047871" level="INFO">Slept 1 second.</msg>
<arg>1s</arg>
<doc>Pauses the test executed for the given time.</doc>
<status status="PASS" start="2026-01-21T17:29:01.046567" elapsed="1.001304"/>
</kw>
<kw name="Execute Javascript" owner="SeleniumLibrary">
<msg time="2026-01-21T17:29:02.048931" level="INFO">Executing JavaScript:
document.getElementById("login").click()
Without any arguments.</msg>
<arg>document.getElementById("login").click()</arg>
<doc>Executes the given JavaScript code with possible arguments.</doc>
<status status="PASS" start="2026-01-21T17:29:02.047871" elapsed="0.027430"/>
</kw>
<arg>${USERNAME}</arg>
<arg>${PASSWORD}</arg>
<status status="PASS" start="2026-01-21T17:29:00.389310" elapsed="1.685991"/>
</kw>
<kw name="Verify Login Success" owner="login">
<kw name="Wait Until Element Is Visible" owner="SeleniumLibrary">
<arg>${USERNAME_LABEL}</arg>
<arg>15s</arg>
<doc>Waits until the element ``locator`` is visible.</doc>
<status status="PASS" start="2026-01-21T17:29:02.077317" elapsed="4.099829"/>
</kw>
<kw name="Element Text Should Be" owner="SeleniumLibrary">
<msg time="2026-01-21T17:29:06.177146" level="INFO">Verifying element 'id:userName-value' contains exact text 'phuong.playwright001'.</msg>
<arg>${USERNAME_LABEL}</arg>
<arg>${username}</arg>
<doc>Verifies that element ``locator`` contains exact the text ``expected``.</doc>
<status status="PASS" start="2026-01-21T17:29:06.177146" elapsed="0.028332"/>
</kw>
<arg>${USERNAME}</arg>
<status status="PASS" start="2026-01-21T17:29:02.076330" elapsed="4.129148"/>
</kw>
<kw name="Go To Profile Page" owner="profile">
<kw name="Go To" owner="SeleniumLibrary">
<msg time="2026-01-21T17:29:06.206627" level="INFO">Opening url 'https://demoqa.com/profile'</msg>
<arg>${PROFILE_URL}</arg>
<doc>Navigates the current browser window to the provided ``url``.</doc>
<status status="PASS" start="2026-01-21T17:29:06.206627" elapsed="0.767487"/>
</kw>
<kw name="Wait Until Page Contains Element" owner="SeleniumLibrary">
<arg>${SEARCH_BOX}</arg>
<arg>10s</arg>
<doc>Waits until the element ``locator`` appears on the current page.</doc>
<status status="PASS" start="2026-01-21T17:29:06.974703" elapsed="0.299488"/>
</kw>
<status status="PASS" start="2026-01-21T17:29:06.206627" elapsed="1.067564"/>
</kw>
<kw name="Wait Until Page Contains Element" owner="SeleniumLibrary">
<arg>//body</arg>
<arg>20s</arg>
<doc>Waits until the element ``locator`` appears on the current page.</doc>
<status status="PASS" start="2026-01-21T17:29:07.274914" elapsed="0.123871"/>
</kw>
<kw name="Search Book" owner="book_store">
<kw name="Wait Until Element Is Visible" owner="SeleniumLibrary">
<arg>${SEARCH_BOX}</arg>
<arg>10s</arg>
<doc>Waits until the element ``locator`` is visible.</doc>
<status status="PASS" start="2026-01-21T17:29:07.399780" elapsed="0.030354"/>
</kw>
<kw name="Input Text" owner="SeleniumLibrary">
<msg time="2026-01-21T17:29:07.431134" level="INFO">Typing text 'Learning JavaScript Design Patterns' into text field 'id:searchBox'.</msg>
<arg>${SEARCH_BOX}</arg>
<arg>${keyword}</arg>
<doc>Types the given ``text`` into the text field identified by ``locator``.</doc>
<status status="PASS" start="2026-01-21T17:29:07.431134" elapsed="1.393709"/>
</kw>
<kw name="Sleep" owner="BuiltIn">
<msg time="2026-01-21T17:29:09.826487" level="INFO">Slept 1 second.</msg>
<arg>1s</arg>
<doc>Pauses the test executed for the given time.</doc>
<status status="PASS" start="2026-01-21T17:29:08.824843" elapsed="1.001644"/>
</kw>
<arg>${BOOK_NAME}</arg>
<status status="PASS" start="2026-01-21T17:29:07.398785" elapsed="2.428828"/>
</kw>
<kw name="Wait Until Page Contains" owner="SeleniumLibrary">
<arg>${BOOK_NAME}</arg>
<arg>20s</arg>
<doc>Waits until ``text`` appears on the current page.</doc>
<status status="PASS" start="2026-01-21T17:29:09.827973" elapsed="0.028745"/>
</kw>
<kw name="Delete Book" owner="profile">
<kw name="Execute Javascript" owner="SeleniumLibrary">
<msg time="2026-01-21T17:29:09.859511" level="INFO">Executing JavaScript:
window.scrollTo(0, document.body.scrollHeight)
Without any arguments.</msg>
<arg>window.scrollTo(0, document.body.scrollHeight)</arg>
<doc>Executes the given JavaScript code with possible arguments.</doc>
<status status="PASS" start="2026-01-21T17:29:09.858107" elapsed="0.013948"/>
</kw>
<kw name="Wait Until Page Contains Element" owner="SeleniumLibrary">
<arg>${DELETE_BTN}</arg>
<arg>10s</arg>
<doc>Waits until the element ``locator`` appears on the current page.</doc>
<status status="PASS" start="2026-01-21T17:29:09.873272" elapsed="0.022986"/>
</kw>
<kw name="Click Element" owner="SeleniumLibrary">
<msg time="2026-01-21T17:29:09.897257" level="INFO">Clicking element 'xpath=//span[@title='Delete']'.</msg>
<arg>${DELETE_BTN}</arg>
<doc>Click the element identified by ``locator``.</doc>
<status status="PASS" start="2026-01-21T17:29:09.896258" elapsed="0.105274"/>
</kw>
<kw name="Wait Until Page Contains Element" owner="SeleniumLibrary">
<arg>${OK_BTN}</arg>
<arg>10s</arg>
<doc>Waits until the element ``locator`` appears on the current page.</doc>
<status status="PASS" start="2026-01-21T17:29:10.001532" elapsed="0.018257"/>
</kw>
<kw name="Click Button" owner="SeleniumLibrary">
<msg time="2026-01-21T17:29:10.020763" level="INFO">Clicking button 'xpath=//button[text()='OK']'.</msg>
<arg>${OK_BTN}</arg>
<doc>Clicks the button identified by ``locator``.</doc>
<status status="PASS" start="2026-01-21T17:29:10.019789" elapsed="0.163336"/>
</kw>
<status status="PASS" start="2026-01-21T17:29:09.856718" elapsed="0.326407"/>
</kw>
<kw name="Run Keyword And Ignore Error" owner="BuiltIn">
<kw name="Handle Alert" owner="SeleniumLibrary">
<msg time="2026-01-21T17:29:10.185124" level="INFO">HANDLE::&lt;class 'NoneType'&gt;::None</msg>
<arg>ACCEPT</arg>
<doc>Handles the current alert and returns its message.</doc>
<status status="PASS" start="2026-01-21T17:29:10.184126" elapsed="1.025394"/>
</kw>
<arg>Handle Alert</arg>
<arg>ACCEPT</arg>
<doc>Runs the given keyword with the given arguments and ignores possible error.</doc>
<status status="PASS" start="2026-01-21T17:29:10.184126" elapsed="1.025394"/>
</kw>
<kw name="Wait Until Page Does Not Contain" owner="SeleniumLibrary">
<arg>${BOOK_NAME}</arg>
<arg>20s</arg>
<doc>Waits until ``text`` disappears from the current page.</doc>
<status status="PASS" start="2026-01-21T17:29:11.209520" elapsed="0.013815"/>
</kw>
<status status="PASS" start="2026-01-21T17:28:59.365156" elapsed="11.858179"/>
</test>
<kw name="Close Browser Session" owner="common_local" type="TEARDOWN">
<kw name="Close Browser" owner="SeleniumLibrary">
<doc>Closes the current browser.</doc>
<status status="PASS" start="2026-01-21T17:29:11.225394" elapsed="2.284247"/>
</kw>
<status status="PASS" start="2026-01-21T17:29:11.224755" elapsed="2.284886"/>
</kw>
<status status="PASS" start="2026-01-21T17:28:44.372274" elapsed="29.137367"/>
</suite>
<status status="PASS" start="2026-01-21T17:28:44.368285" elapsed="29.142435"/>
</suite>
<status status="PASS" start="2026-01-21T17:28:18.649351" elapsed="54.862415"/>
</suite>
<statistics>
<total>
<stat pass="3" fail="0" skip="0">All Tests</stat>
</total>
<tag>
</tag>
<suite>
<stat name="Ts01-Search-Book &amp; Ts02-Delete-Book" id="s1" pass="3" fail="0" skip="0">Ts01-Search-Book &amp; Ts02-Delete-Book</stat>
<stat name="Ts01-Search-Book" id="s1-s1" pass="2" fail="0" skip="0">Ts01-Search-Book &amp; Ts02-Delete-Book.Ts01-Search-Book</stat>
<stat name="Search-Books" id="s1-s1-s1" pass="2" fail="0" skip="0">Ts01-Search-Book &amp; Ts02-Delete-Book.Ts01-Search-Book.Search-Books</stat>
<stat name="Ts02-Delete-Book" id="s1-s2" pass="1" fail="0" skip="0">Ts01-Search-Book &amp; Ts02-Delete-Book.Ts02-Delete-Book</stat>
<stat name="Delete-Book" id="s1-s2-s1" pass="1" fail="0" skip="0">Ts01-Search-Book &amp; Ts02-Delete-Book.Ts02-Delete-Book.Delete-Book</stat>
</suite>
</statistics>
<errors>
</errors>
</robot>
